  Camera.cpp
c:\users\gordon.xana\documents\visual studio 2017\projects\opengl\opengl\Structurers.h(38): warning C4244: 'initializing': conversion from 'double' to 'float', possible loss of data
c:\users\gordon.xana\documents\visual studio 2017\projects\opengl\opengl\Structurers.h(112): warning C4154: deletion of an array expression; conversion to pointer supplied
c:\users\gordon.xana\documents\visual studio 2017\projects\opengl\opengl\Maths.h(9): warning C4244: 'return': conversion from 'double' to 'float', possible loss of data
Camera.cpp(84): warning C4244: '=': conversion from 'int' to 'float', possible loss of data
Camera.cpp(85): warning C4244: '=': conversion from 'int' to 'float', possible loss of data
Camera.cpp(91): warning C4244: '=': conversion from 'int' to 'float', possible loss of data
Camera.cpp(92): warning C4244: '=': conversion from 'int' to 'float', possible loss of data
  Cube.cpp
c:\users\gordon.xana\documents\visual studio 2017\projects\opengl\opengl\Structurers.h(38): warning C4244: 'initializing': conversion from 'double' to 'float', possible loss of data
c:\users\gordon.xana\documents\visual studio 2017\projects\opengl\opengl\Structurers.h(112): warning C4154: deletion of an array expression; conversion to pointer supplied
  GLUTCallbacks.cpp
c:\users\gordon.xana\documents\visual studio 2017\projects\opengl\opengl\Structurers.h(38): warning C4244: 'initializing': conversion from 'double' to 'float', possible loss of data
c:\users\gordon.xana\documents\visual studio 2017\projects\opengl\opengl\Structurers.h(112): warning C4154: deletion of an array expression; conversion to pointer supplied
  main.cpp
c:\users\gordon.xana\documents\visual studio 2017\projects\opengl\opengl\Structurers.h(38): warning C4244: 'initializing': conversion from 'double' to 'float', possible loss of data
c:\users\gordon.xana\documents\visual studio 2017\projects\opengl\opengl\Structurers.h(112): warning C4154: deletion of an array expression; conversion to pointer supplied
  MeshLoader.cpp
c:\users\gordon.xana\documents\visual studio 2017\projects\opengl\opengl\Structurers.h(38): warning C4244: 'initializing': conversion from 'double' to 'float', possible loss of data
c:\users\gordon.xana\documents\visual studio 2017\projects\opengl\opengl\Structurers.h(112): warning C4154: deletion of an array expression; conversion to pointer supplied
  OBJLoader.cpp
c:\users\gordon.xana\documents\visual studio 2017\projects\opengl\opengl\Structurers.h(38): warning C4244: 'initializing': conversion from 'double' to 'float', possible loss of data
c:\users\gordon.xana\documents\visual studio 2017\projects\opengl\opengl\Structurers.h(112): warning C4154: deletion of an array expression; conversion to pointer supplied
  OpenGL.cpp
c:\users\gordon.xana\documents\visual studio 2017\projects\opengl\opengl\Structurers.h(38): warning C4244: 'initializing': conversion from 'double' to 'float', possible loss of data
c:\users\gordon.xana\documents\visual studio 2017\projects\opengl\opengl\Structurers.h(112): warning C4154: deletion of an array expression; conversion to pointer supplied
OpenGL.cpp(28): warning C4018: '<': signed/unsigned mismatch
OpenGL.cpp(38): warning C4244: 'argument': conversion from 'time_t' to 'unsigned int', possible loss of data
OpenGL.cpp(94): warning C4018: '<': signed/unsigned mismatch
OpenGL.cpp(114): warning C4244: 'argument': conversion from 'int' to 'float', possible loss of data
OpenGL.cpp(116): warning C4018: '<': signed/unsigned mismatch
OpenGL.cpp(118): warning C4244: 'argument': conversion from 'int' to 'float', possible loss of data
  Planet.cpp
c:\users\gordon.xana\documents\visual studio 2017\projects\opengl\opengl\Structurers.h(38): warning C4244: 'initializing': conversion from 'double' to 'float', possible loss of data
c:\users\gordon.xana\documents\visual studio 2017\projects\opengl\opengl\Structurers.h(112): warning C4154: deletion of an array expression; conversion to pointer supplied
  Pyramid.cpp
c:\users\gordon.xana\documents\visual studio 2017\projects\opengl\opengl\Structurers.h(38): warning C4244: 'initializing': conversion from 'double' to 'float', possible loss of data
c:\users\gordon.xana\documents\visual studio 2017\projects\opengl\opengl\Structurers.h(112): warning C4154: deletion of an array expression; conversion to pointer supplied
  SceneObject.cpp
c:\users\gordon.xana\documents\visual studio 2017\projects\opengl\opengl\Structurers.h(38): warning C4244: 'initializing': conversion from 'double' to 'float', possible loss of data
c:\users\gordon.xana\documents\visual studio 2017\projects\opengl\opengl\Structurers.h(112): warning C4154: deletion of an array expression; conversion to pointer supplied
  Texture2D.cpp
c:\users\gordon.xana\documents\visual studio 2017\projects\opengl\opengl\Structurers.h(38): warning C4244: 'initializing': conversion from 'double' to 'float', possible loss of data
c:\users\gordon.xana\documents\visual studio 2017\projects\opengl\opengl\Structurers.h(112): warning C4154: deletion of an array expression; conversion to pointer supplied
Texture2D.cpp(60): warning C4305: 'return': truncation from 'int' to 'bool'
  Generating code
  513 of 513 functions (100.0%) were compiled, the rest were copied from previous compilation.
    7 functions were new in current compilation
    0 functions had inline decision re-evaluated but remain unchanged
  Finished generating code
  OpenGL.vcxproj -> C:\Users\Gordon.Xana\Documents\Visual Studio 2017\Projects\OpenGL\Release\OpenGL.exe
