c:\users\gordon.xana\documents\visual studio 2017\projects\opengl\opengl\debug\vc141.pdb
c:\users\gordon.xana\documents\visual studio 2017\projects\opengl\opengl\debug\vc141.idb
c:\users\gordon.xana\documents\visual studio 2017\projects\opengl\opengl\debug\camera.obj
c:\users\gordon.xana\documents\visual studio 2017\projects\opengl\opengl\debug\cube.obj
c:\users\gordon.xana\documents\visual studio 2017\projects\opengl\opengl\debug\glutcallbacks.obj
c:\users\gordon.xana\documents\visual studio 2017\projects\opengl\opengl\debug\main.obj
c:\users\gordon.xana\documents\visual studio 2017\projects\opengl\opengl\debug\meshloader.obj
c:\users\gordon.xana\documents\visual studio 2017\projects\opengl\opengl\debug\opengl.obj
c:\users\gordon.xana\documents\visual studio 2017\projects\opengl\opengl\debug\pyramid.obj
c:\users\gordon.xana\documents\visual studio 2017\projects\opengl\opengl\debug\sceneobject.obj
c:\users\gordon.xana\documents\visual studio 2017\projects\opengl\opengl\debug\texture2d.obj
c:\users\gordon.xana\documents\visual studio 2017\projects\opengl\debug\opengl.exe
c:\users\gordon.xana\documents\visual studio 2017\projects\opengl\debug\opengl.ilk
c:\users\gordon.xana\documents\visual studio 2017\projects\opengl\debug\opengl.pdb
c:\users\gordon.xana\documents\visual studio 2017\projects\opengl\opengl\debug\object.obj
c:\users\gordon.xana\documents\visual studio 2017\projects\opengl\opengl\debug\opengl.tlog\cl.command.1.tlog
c:\users\gordon.xana\documents\visual studio 2017\projects\opengl\opengl\debug\opengl.tlog\cl.read.1.tlog
c:\users\gordon.xana\documents\visual studio 2017\projects\opengl\opengl\debug\opengl.tlog\cl.write.1.tlog
c:\users\gordon.xana\documents\visual studio 2017\projects\opengl\opengl\debug\opengl.tlog\link.command.1.tlog
c:\users\gordon.xana\documents\visual studio 2017\projects\opengl\opengl\debug\opengl.tlog\link.read.1.tlog
c:\users\gordon.xana\documents\visual studio 2017\projects\opengl\opengl\debug\opengl.tlog\link.write.1.tlog
